50702072671725970874996441601199491752589 46958966635529065938193314957590634614756 35729648526623585993421653005602322186218 
46958966635529065938193314957590634614756 57167437642407234773485839125516697893429 39472754562433532791033165878737344100725 
35729648526623585993421653005602322186218 39472754562433532791033165878737344100725 37431060360507841950439043573740508622554 
50702072671725970874922654624906700100961 46958966635529065938230208445740322220239 35729648526623585993403206261526834591090 
46958966635529065938137974725368019964354 57167437642407234773504285869589799647355 39472754562433532791199186575401285482430 
35729648526623585993550780214120241402630 39472754562433532791033165878734247611230 37431060360507841950365256597444964163211 
112633463451795327209446289989554841890554 112293181083788324853770033356333188266007 83369179895381109320284263993647151142233 
110591769249687019516300979619341325351582 114334875284641149898599822074144960670536 90515109599924845336860334266824671939143 
74862120722694081450565789874147124153004 65334214448476119183417150924308991270677 52403484505296047487791906125839083002108 
-15652988876919426731938658857259529851986 -8847341539267600592399767880814484316726 17354400713229255468065680747295978434710 
5784800237734314173373701207594519123915 6125082604287381937893319663176539261588 25521177518208814732183396224155087464918 
-7826494439514438057350891333573185437229 7826494438480624329171549035503760253452 -4083388403541453376869415225971661649081 
498062089998912050750 498062089998391495137 571849066281205887501 
534955578134056670400 756316507018495073759 442721857769704998021 
313594649254552543780 608742554422547539787 276701161101483758412 
57167437644065159037269943932752940201508 88473415399469917151769255874205541685591 53764613972719529048346414398829593903615 
75542685456840262976422019403120570095284 117737698953628146441096466130726220076967 48320096101312667497336779193912860878956 
47979813736428568001024941724951976153207 64313367347032105810251640991449335379869 45257554800353962368087058191909395410668 
155168759317785913072336783300501630457704 161293841921328764199832256773868851591217 127605887595253960609089023734081139029513 
188856713640796163355977371854187685381364 173544007128080781346378161269820613276260 160272994817671611574090703199770981612169 
126585040495105103297091089835641834070788 122501652090466355609590875648563016497321 75542685455140682685621858608490004640717 
73786976298976785671 55340232221227513206 258254417032096596130 
184467440738994491771 202914184809615143087 36893488144504283747 
18446744072615866300 332041393325348481548 18446744071979699346 
41514448764570098090661333485676542188634 62271673146234700299069701512405214302920 36069930893303457892534900604261416760655 
54445178707684049639050419457945658101426 64653649714634566974440752587908636084590 35049083792521034309762269697809869080740 
49000660836927863998686017497568867598485 61931390779596814635008996647143282290112 28583718821131127302665842429977610090627 
